<?xml version="1.0" encoding="UTF-8"?>
<!-- Generated by org.testng.reporters.JUnitReportReporter -->
<testsuite skipped="0" hostname="Arabinda" name="Login" tests="2" failures="0" timestamp="26 Nov 2019 22:25:57 GMT" time="0.015" errors="0">
  <testcase name="staySignedIn" time="0.004" classname="Login"/>
  <testcase name="passWord" time="0.011" classname="Login"/>
</testsuite> <!-- Login -->
